<?xml version="1.0" encoding="UTF-8"?>
<!-- Generated by org.testng.reporters.JUnitReportReporter -->
<testsuite hostname="LTIN240665" failures="0" tests="2" name="TestCases.TC_002_ClickDropdown" time="215.401" errors="0" timestamp="2024-02-13T16:50:47 IST" skipped="0">
  <testcase classname="TestCases.TC_002_ClickDropdown" name="Verify_Click_Dropdown" time="0.572"/>
  <system-out/>
  <testcase classname="TestCases.TC_002_ClickDropdown" name="getSubHeader" time="214.829"/>
  <system-out/>
</testsuite> <!-- TestCases.TC_002_ClickDropdown -->
