<?xml version="1.0" encoding="UTF-8"?>
<!-- Generated by org.testng.reporters.JUnitReportReporter -->
<testsuite hostname="LTIN240665" failures="0" tests="1" name="TestCases.TC_003_EthicsandCompliance" time="9.790" errors="0" timestamp="2024-02-13T16:50:47 IST" skipped="0">
  <testcase classname="TestCases.TC_003_EthicsandCompliance" name="Verify_Ethicsandcompliance" time="9.790"/>
  <system-out/>
</testsuite> <!-- TestCases.TC_003_EthicsandCompliance -->
